#
# A fatal error has been detected by the Java Runtime Environment:
#
#  EXCEPTION_ACCESS_VIOLATION (0xc0000005) at pc=0x0000000073852b10, pid=6852, tid=4560
#
# JRE version: OpenJDK Runtime Environment Corretto-11.0.15.9.1 (11.0.15+9) (build 11.0.15+9-LTS)
# Java VM: OpenJDK 64-Bit Server VM Corretto-11.0.15.9.1 (11.0.15+9-LTS, mixed mode, tiered, compressed oops, g1 gc, windows-amd64)
# Problematic frame:
# C  [libswipl.dll+0x2b10]
#
# No core dump will be written. Minidumps are not enabled by default on client versions of Windows
#
# If you would like to submit a bug report, please visit:
#   https://github.com/corretto/corretto-11/issues/
# The crash happened outside the Java Virtual Machine in native code.
# See problematic frame for where to report the bug.
#

---------------  S U M M A R Y ------------

Command Line: -javaagent:C:\Program Files\JetBrains\IntelliJ IDEA Community Edition 2022.1\lib\idea_rt.jar=50111:C:\Program Files\JetBrains\IntelliJ IDEA Community Edition 2022.1\bin -Dfile.encoding=UTF-8 com.Trabalho_Paradigmas.TrabalhoParadigmasApplication

Host: Intel(R) Core(TM) i5-8250U CPU @ 1.60GHz, 8 cores, 7G,  Windows 10 , 64 bit Build 19041 (10.0.19041.1706)
Time: Sat May 14 16:28:33 2022 Hora oficial do Brasil elapsed time: 0.723301 seconds (0d 0h 0m 0s)

---------------  T H R E A D  ---------------

Current thread (0x00000289412db000):  JavaThread "main" [_thread_in_native, id=4560, stack(0x000000d3a0e00000,0x000000d3a0f00000)]

Stack: [0x000000d3a0e00000,0x000000d3a0f00000],  sp=0x000000d3a0efed20,  free space=1019k
Native frames: (J=compiled Java code, j=interpreted, Vv=VM code, C=native code)
C  [libswipl.dll+0x2b10]

Java frames: (J=compiled Java code, j=interpreted, Vv=VM code)
j  org.jpl7.fli.Prolog.open_query(Lorg/jpl7/fli/module_t;ILorg/jpl7/fli/predicate_t;Lorg/jpl7/fli/term_t;)Lorg/jpl7/fli/qid_t;+0
j  org.jpl7.Query.open()V+237
j  org.jpl7.Util.textToTerm(Ljava/lang/String;)Lorg/jpl7/Term;+57
j  org.jpl7.Query.<init>(Ljava/lang/String;)V+2
j  com.Trabalho_Paradigmas.TrabalhoParadigmasApplication.main([Ljava/lang/String;)V+6
v  ~StubRoutines::call_stub

siginfo: EXCEPTION_ACCESS_VIOLATION (0xc0000005), reading address 0x0000000062622700


Register to memory mapping:

RIP=0x0000000073852b10 libswipl.dll
RAX=0x0000000073977de0 libswipl.dll
RBX=0x0000000000000008 is an unknown value
RCX=0x000000000000001f is an unknown value
RDX=0x0000000000000008 is an unknown value
RSP=0x000000d3a0efed20 is pointing into the stack for thread: 0x00000289412db000
RBP=0x00000000620f7090 is an unknown value
RSI=0x0000000062622700 is an unknown value
RDI=0x000000d3a0efee98 is pointing into the stack for thread: 0x00000289412db000
R8 =0x0000000062622700 is an unknown value
R9 =0x0000000000000016 is an unknown value
R10=0x00000289620db800 points into unknown readable memory: 0x0000000304ed22dd | dd 22 ed 04 03 00 00 00
R11=0x0000000000000003 is an unknown value
R12=0x00000289620db840 points into unknown readable memory: 0x00000289620dbb20 | 20 bb 0d 62 89 02 00 00
R13={method} {0x0000028961213040} 'open_query' '(Lorg/jpl7/fli/module_t;ILorg/jpl7/fli/predicate_t;Lorg/jpl7/fli/term_t;)Lorg/jpl7/fli/qid_t;' in 'org/jpl7/fli/Prolog'
R14=0x0000000073977de0 libswipl.dll
R15=0x0000000000000016 is an unknown value


Registers:
RAX=0x0000000073977de0, RBX=0x0000000000000008, RCX=0x000000000000001f, RDX=0x0000000000000008
RSP=0x000000d3a0efed20, RBP=0x00000000620f7090, RSI=0x0000000062622700, RDI=0x000000d3a0efee98
R8 =0x0000000062622700, R9 =0x0000000000000016, R10=0x00000289620db800, R11=0x0000000000000003
R12=0x00000289620db840, R13=0x0000028961213038, R14=0x0000000073977de0, R15=0x0000000000000016
RIP=0x0000000073852b10, EFLAGS=0x0000000000010246

Top of Stack: (sp=0x000000d3a0efed20)
0x000000d3a0efed20:   00000289412db650 0000003800000003
0x000000d3a0efed30:   0000ed4f225cfaed 000000d3a0efeeb0
0x000000d3a0efed40:   0000028961213038 00007ff93594ed95
0x000000d3a0efed50:   0000028949a6a240 00000289412db348
0x000000d3a0efed60:   0000000062622700 000000d3a0efee98
0x000000d3a0efed70:   00000000620f7090 0000000000000008
0x000000d3a0efed80:   0000028961213038 000000d3a0efeeb0
0x000000d3a0efed90:   00000289412db000 0000000073a484ea
0x000000d3a0efeda0:   00000000620f7090 00000289412db000
0x000000d3a0efedb0:   0000028949a6a240 0000028949a6f520
0x000000d3a0efedc0:   0000028961213038 0000000000000000
0x000000d3a0efedd0:   0000028949a6a240 000000d3a0efee78
0x000000d3a0efede0:   0000000000000000 0000028949a6f6d7
0x000000d3a0efedf0:   0000028949a6a240 0000028949a6f3bc
0x000000d3a0efee00:   0000028961213038 000000d3a0efee78
0x000000d3a0efee10:   000000d3a0efeea0 000000d3a0efee98 

Instructions: (pc=0x0000000073852b10)
0x0000000073852a10:   89 4d 10 48 83 c4 20 5b 5e 5f 5d 41 5c c3 66 90
0x0000000073852a20:   55 57 56 53 48 83 ec 28 48 8b 05 d1 ad 10 00 48
0x0000000073852a30:   89 d3 48 89 ce 48 89 df 8b 08 ff 15 e8 a7 12 00
0x0000000073852a40:   48 83 c9 ff 48 89 c5 31 c0 f2 ae 48 f7 d1 48 8d
0x0000000073852a50:   51 ff 48 89 d9 e8 66 62 03 00 4c 8b 45 48 48 89
0x0000000073852a60:   c1 49 89 04 f0 e8 c6 6a 03 00 b8 01 00 00 00 48
0x0000000073852a70:   83 c4 28 5b 5e 5f 5d c3 0f 1f 84 00 00 00 00 00
0x0000000073852a80:   57 56 53 48 83 ec 20 48 8b 05 62 ad 10 00 89 cf
0x0000000073852a90:   48 89 d6 48 8b 98 88 14 00 00 48 85 db 0f 85 f1
0x0000000073852aa0:   eb 03 00 48 83 c4 20 5b 5e 5f c3 0f 1f 44 00 00
0x0000000073852ab0:   41 57 41 56 41 55 41 54 55 57 56 53 48 83 ec 38
0x0000000073852ac0:   48 8b 05 39 ad 10 00 48 89 8c 24 80 00 00 00 89
0x0000000073852ad0:   d3 4c 89 c6 4d 89 cf 8b 08 ff 15 49 a7 12 00 83
0x0000000073852ae0:   3d e2 f5 11 00 00 49 89 c6 0f 84 a9 03 00 00 4d
0x0000000073852af0:   8b 56 18 4d 3b 56 08 0f 86 e1 eb 03 00 4d 63 5a
0x0000000073852b00:   04 4f 8d 64 da 28 4d 39 66 50 0f 82 0e ec 03 00
0x0000000073852b10:   48 8b 0e 4c 89 f2 45 31 ed e8 e2 03 00 00 4c 89
0x0000000073852b20:   f2 b9 60 21 00 00 48 89 c7 e8 62 0d 05 00 85 c0
0x0000000073852b30:   0f 84 2f 03 00 00 4d 8b 5e 50 4d 89 dd 41 f6 c5
0x0000000073852b40:   0f 0f 85 32 03 00 00 48 8b 35 a2 ac 10 00 4d 89
0x0000000073852b50:   5d 70 48 8d 15 e7 f4 11 00 49 c7 85 d8 00 00 00
0x0000000073852b60:   00 00 00 00 4d 8d a5 d0 00 00 00 48 8b 86 38 18
0x0000000073852b70:   00 00 48 8b 08 49 c7 85 d0 00 00 00 00 00 00 00
0x0000000073852b80:   49 89 95 e0 00 00 00 49 89 8d e8 00 00 00 41 83
0x0000000073852b90:   be 50 05 00 00 00 0f 85 6e eb 03 00 49 c7 85 f8
0x0000000073852ba0:   00 00 00 00 00 00 00 49 8b 4e 08 48 85 c9 0f 84
0x0000000073852bb0:   ce 02 00 00 44 8b 41 38 41 83 c0 01 45 89 85 08
0x0000000073852bc0:   01 00 00 4d 8b 4e 08 45 8b 51 3c 41 81 e2 4c fe
0x0000000073852bd0:   ff ff 45 89 95 0c 01 00 00 41 8b 85 08 01 00 00
0x0000000073852be0:   41 8b 95 0c 01 00 00 4d 8d 9d 10 01 00 00 4d 89
0x0000000073852bf0:   a5 18 01 00 00 4c 89 5c 24 28 83 c0 01 81 e2 4c
0x0000000073852c00:   fe ff ff 41 89 85 48 01 00 00 41 89 95 4c 01 00 


Stack slot to memory mapping:
stack at sp + 0 slots: 0x00000289412db650 points into unknown readable memory: 0x00007ff935b424d8 | d8 24 b4 35 f9 7f 00 00
stack at sp + 1 slots: 0x0000003800000003 is an unknown value
stack at sp + 2 slots: 0x0000ed4f225cfaed is an unknown value
stack at sp + 3 slots: 0x000000d3a0efeeb0 is pointing into the stack for thread: 0x00000289412db000
stack at sp + 4 slots: {method} {0x0000028961213040} 'open_query' '(Lorg/jpl7/fli/module_t;ILorg/jpl7/fli/predicate_t;Lorg/jpl7/fli/term_t;)Lorg/jpl7/fli/qid_t;' in 'org/jpl7/fli/Prolog'
stack at sp + 5 slots: 0x00007ff93594ed95 jvm.dll
stack at sp + 6 slots: 0x0000028949a6a240 is at code_begin+1664 in an Interpreter codelet
invoke return entry points  [0x0000028949a69bc0, 0x0000028949a6a5a0]  2528 bytes
stack at sp + 7 slots: 0x00000289412db348 points into unknown readable memory: 0x00007ff935da5e80 | 80 5e da 35 f9 7f 00 00


---------------  P R O C E S S  ---------------

Threads class SMR info:
_java_thread_list=0x00000289617b78a0, length=11, elements={
0x00000289412db000, 0x0000028960b19800, 0x0000028960b22800, 0x00000289614b2800,
0x0000028960b0f800, 0x0000028960b12000, 0x0000028960b32800, 0x0000028960b37800,
0x0000028960b39000, 0x0000028961605000, 0x0000028961898800
}

Java Threads: ( => current thread )
=>0x00000289412db000 JavaThread "main" [_thread_in_native, id=4560, stack(0x000000d3a0e00000,0x000000d3a0f00000)]
  0x0000028960b19800 JavaThread "Reference Handler" daemon [_thread_blocked, id=8996, stack(0x000000d3a1500000,0x000000d3a1600000)]
  0x0000028960b22800 JavaThread "Finalizer" daemon [_thread_blocked, id=6112, stack(0x000000d3a1600000,0x000000d3a1700000)]
  0x00000289614b2800 JavaThread "Signal Dispatcher" daemon [_thread_blocked, id=1180, stack(0x000000d3a1700000,0x000000d3a1800000)]
  0x0000028960b0f800 JavaThread "Attach Listener" daemon [_thread_blocked, id=6096, stack(0x000000d3a1800000,0x000000d3a1900000)]
  0x0000028960b12000 JavaThread "Service Thread" daemon [_thread_blocked, id=7212, stack(0x000000d3a1900000,0x000000d3a1a00000)]
  0x0000028960b32800 JavaThread "C2 CompilerThread0" daemon [_thread_blocked, id=8632, stack(0x000000d3a1a00000,0x000000d3a1b00000)]
  0x0000028960b37800 JavaThread "C1 CompilerThread0" daemon [_thread_blocked, id=1420, stack(0x000000d3a1b00000,0x000000d3a1c00000)]
  0x0000028960b39000 JavaThread "Sweeper thread" daemon [_thread_blocked, id=7668, stack(0x000000d3a1c00000,0x000000d3a1d00000)]
  0x0000028961605000 JavaThread "Common-Cleaner" daemon [_thread_blocked, id=2248, stack(0x000000d3a1d00000,0x000000d3a1e00000)]
  0x0000028961898800 JavaThread "Monitor Ctrl-Break" daemon [_thread_in_native, id=5836, stack(0x000000d3a1f00000,0x000000d3a2000000)]

Other Threads:
  0x0000028960ae2800 VMThread "VM Thread" [stack: 0x000000d3a1400000,0x000000d3a1500000] [id=8956]
  0x000002896189d800 WatcherThread [stack: 0x000000d3a2000000,0x000000d3a2100000] [id=1512]
  0x00000289412f3000 GCTaskThread "GC Thread#0" [stack: 0x000000d3a0f00000,0x000000d3a1000000] [id=7888]
  0x0000028941325000 ConcurrentGCThread "G1 Main Marker" [stack: 0x000000d3a1000000,0x000000d3a1100000] [id=2620]
  0x0000028941328800 ConcurrentGCThread "G1 Conc#0" [stack: 0x000000d3a1100000,0x000000d3a1200000] [id=8416]
  0x0000028960950800 ConcurrentGCThread "G1 Refine#0" [stack: 0x000000d3a1200000,0x000000d3a1300000] [id=6748]
  0x0000028960951800 ConcurrentGCThread "G1 Young RemSet Sampling" [stack: 0x000000d3a1300000,0x000000d3a1400000] [id=6780]

Threads with active compile tasks:

VM state:not at safepoint (normal execution)

VM Mutex/Monitor currently owned by a thread: None

Heap address: 0x0000000081600000, size: 2026 MB, Compressed Oops mode: 32-bit
Narrow klass base: 0x0000000000000000, Narrow klass shift: 3
Compressed class space size: 1073741824 Address: 0x0000000100000000

Heap:
 garbage-first heap   total 131072K, used 3072K [0x0000000081600000, 0x0000000100000000)
  region size 1024K, 5 young (5120K), 0 survivors (0K)
 Metaspace       used 7576K, capacity 7702K, committed 7936K, reserved 1056768K
  class space    used 675K, capacity 718K, committed 768K, reserved 1048576K
Heap Regions: E=young(eden), S=young(survivor), O=old, HS=humongous(starts), HC=humongous(continues), CS=collection set, F=free, A=archive, TAMS=top-at-mark-start (previous, next)
|   0|0x0000000081600000, 0x0000000081600000, 0x0000000081700000|  0%| F|  |TAMS 0x0000000081600000, 0x0000000081600000| Untracked 
|   1|0x0000000081700000, 0x0000000081700000, 0x0000000081800000|  0%| F|  |TAMS 0x0000000081700000, 0x0000000081700000| Untracked 
|   2|0x0000000081800000, 0x0000000081800000, 0x0000000081900000|  0%| F|  |TAMS 0x0000000081800000, 0x0000000081800000| Untracked 
|   3|0x0000000081900000, 0x0000000081900000, 0x0000000081a00000|  0%| F|  |TAMS 0x0000000081900000, 0x0000000081900000| Untracked 
|   4|0x0000000081a00000, 0x0000000081a00000, 0x0000000081b00000|  0%| F|  |TAMS 0x0000000081a00000, 0x0000000081a00000| Untracked 
|   5|0x0000000081b00000, 0x0000000081b00000, 0x0000000081c00000|  0%| F|  |TAMS 0x0000000081b00000, 0x0000000081b00000| Untracked 
|   6|0x0000000081c00000, 0x0000000081c00000, 0x0000000081d00000|  0%| F|  |TAMS 0x0000000081c00000, 0x0000000081c00000| Untracked 
|   7|0x0000000081d00000, 0x0000000081d00000, 0x0000000081e00000|  0%| F|  |TAMS 0x0000000081d00000, 0x0000000081d00000| Untracked 
|   8|0x0000000081e00000, 0x0000000081e00000, 0x0000000081f00000|  0%| F|  |TAMS 0x0000000081e00000, 0x0000000081e00000| Untracked 
|   9|0x0000000081f00000, 0x0000000081f00000, 0x0000000082000000|  0%| F|  |TAMS 0x0000000081f00000, 0x0000000081f00000| Untracked 
|  10|0x0000000082000000, 0x0000000082000000, 0x0000000082100000|  0%| F|  |TAMS 0x0000000082000000, 0x0000000082000000| Untracked 
|  11|0x0000000082100000, 0x0000000082100000, 0x0000000082200000|  0%| F|  |TAMS 0x0000000082100000, 0x0000000082100000| Untracked 
|  12|0x0000000082200000, 0x0000000082200000, 0x0000000082300000|  0%| F|  |TAMS 0x0000000082200000, 0x0000000082200000| Untracked 
|  13|0x0000000082300000, 0x0000000082300000, 0x0000000082400000|  0%| F|  |TAMS 0x0000000082300000, 0x0000000082300000| Untracked 
|  14|0x0000000082400000, 0x0000000082400000, 0x0000000082500000|  0%| F|  |TAMS 0x0000000082400000, 0x0000000082400000| Untracked 
|  15|0x0000000082500000, 0x0000000082500000, 0x0000000082600000|  0%| F|  |TAMS 0x0000000082500000, 0x0000000082500000| Untracked 
|  16|0x0000000082600000, 0x0000000082600000, 0x0000000082700000|  0%| F|  |TAMS 0x0000000082600000, 0x0000000082600000| Untracked 
|  17|0x0000000082700000, 0x0000000082700000, 0x0000000082800000|  0%| F|  |TAMS 0x0000000082700000, 0x0000000082700000| Untracked 
|  18|0x0000000082800000, 0x0000000082800000, 0x0000000082900000|  0%| F|  |TAMS 0x0000000082800000, 0x0000000082800000| Untracked 
|  19|0x0000000082900000, 0x0000000082900000, 0x0000000082a00000|  0%| F|  |TAMS 0x0000000082900000, 0x0000000082900000| Untracked 
|  20|0x0000000082a00000, 0x0000000082a00000, 0x0000000082b00000|  0%| F|  |TAMS 0x0000000082a00000, 0x0000000082a00000| Untracked 
|  21|0x0000000082b00000, 0x0000000082b00000, 0x0000000082c00000|  0%| F|  |TAMS 0x0000000082b00000, 0x0000000082b00000| Untracked 
|  22|0x0000000082c00000, 0x0000000082c00000, 0x0000000082d00000|  0%| F|  |TAMS 0x0000000082c00000, 0x0000000082c00000| Untracked 
|  23|0x0000000082d00000, 0x0000000082d00000, 0x0000000082e00000|  0%| F|  |TAMS 0x0000000082d00000, 0x0000000082d00000| Untracked 
|  24|0x0000000082e00000, 0x0000000082e00000, 0x0000000082f00000|  0%| F|  |TAMS 0x0000000082e00000, 0x0000000082e00000| Untracked 
|  25|0x0000000082f00000, 0x0000000082f00000, 0x0000000083000000|  0%| F|  |TAMS 0x0000000082f00000, 0x0000000082f00000| Untracked 
|  26|0x0000000083000000, 0x0000000083000000, 0x0000000083100000|  0%| F|  |TAMS 0x0000000083000000, 0x0000000083000000| Untracked 
|  27|0x0000000083100000, 0x0000000083100000, 0x0000000083200000|  0%| F|  |TAMS 0x0000000083100000, 0x0000000083100000| Untracked 
|  28|0x0000000083200000, 0x0000000083200000, 0x0000000083300000|  0%| F|  |TAMS 0x0000000083200000, 0x0000000083200000| Untracked 
|  29|0x0000000083300000, 0x0000000083300000, 0x0000000083400000|  0%| F|  |TAMS 0x0000000083300000, 0x0000000083300000| Untracked 
|  30|0x0000000083400000, 0x0000000083400000, 0x0000000083500000|  0%| F|  |TAMS 0x0000000083400000, 0x0000000083400000| Untracked 
|  31|0x0000000083500000, 0x0000000083500000, 0x0000000083600000|  0%| F|  |TAMS 0x0000000083500000, 0x0000000083500000| Untracked 
|  32|0x0000000083600000, 0x0000000083600000, 0x0000000083700000|  0%| F|  |TAMS 0x0000000083600000, 0x0000000083600000| Untracked 
|  33|0x0000000083700000, 0x0000000083700000, 0x0000000083800000|  0%| F|  |TAMS 0x0000000083700000, 0x0000000083700000| Untracked 
|  34|0x0000000083800000, 0x0000000083800000, 0x0000000083900000|  0%| F|  |TAMS 0x0000000083800000, 0x0000000083800000| Untracked 
|  35|0x0000000083900000, 0x0000000083900000, 0x0000000083a00000|  0%| F|  |TAMS 0x0000000083900000, 0x0000000083900000| Untracked 
|  36|0x0000000083a00000, 0x0000000083a00000, 0x0000000083b00000|  0%| F|  |TAMS 0x0000000083a00000, 0x0000000083a00000| Untracked 
|  37|0x0000000083b00000, 0x0000000083b00000, 0x0000000083c00000|  0%| F|  |TAMS 0x0000000083b00000, 0x0000000083b00000| Untracked 
|  38|0x0000000083c00000, 0x0000000083c00000, 0x0000000083d00000|  0%| F|  |TAMS 0x0000000083c00000, 0x0000000083c00000| Untracked 
|  39|0x0000000083d00000, 0x0000000083d00000, 0x0000000083e00000|  0%| F|  |TAMS 0x0000000083d00000, 0x0000000083d00000| Untracked 
|  40|0x0000000083e00000, 0x0000000083e00000, 0x0000000083f00000|  0%| F|  |TAMS 0x0000000083e00000, 0x0000000083e00000| Untracked 
|  41|0x0000000083f00000, 0x0000000083f00000, 0x0000000084000000|  0%| F|  |TAMS 0x0000000083f00000, 0x0000000083f00000| Untracked 
|  42|0x0000000084000000, 0x0000000084000000, 0x0000000084100000|  0%| F|  |TAMS 0x0000000084000000, 0x0000000084000000| Untracked 
|  43|0x0000000084100000, 0x0000000084100000, 0x0000000084200000|  0%| F|  |TAMS 0x0000000084100000, 0x0000000084100000| Untracked 
|  44|0x0000000084200000, 0x0000000084200000, 0x0000000084300000|  0%| F|  |TAMS 0x0000000084200000, 0x0000000084200000| Untracked 
|  45|0x0000000084300000, 0x0000000084300000, 0x0000000084400000|  0%| F|  |TAMS 0x0000000084300000, 0x0000000084300000| Untracked 
|  46|0x0000000084400000, 0x0000000084400000, 0x0000000084500000|  0%| F|  |TAMS 0x0000000084400000, 0x0000000084400000| Untracked 
|  47|0x0000000084500000, 0x0000000084500000, 0x0000000084600000|  0%| F|  |TAMS 0x0000000084500000, 0x0000000084500000| Untracked 
|  48|0x0000000084600000, 0x0000000084600000, 0x0000000084700000|  0%| F|  |TAMS 0x0000000084600000, 0x0000000084600000| Untracked 
|  49|0x0000000084700000, 0x0000000084700000, 0x0000000084800000|  0%| F|  |TAMS 0x0000000084700000, 0x0000000084700000| Untracked 
|  50|0x0000000084800000, 0x0000000084800000, 0x0000000084900000|  0%| F|  |TAMS 0x0000000084800000, 0x0000000084800000| Untracked 
|  51|0x0000000084900000, 0x0000000084900000, 0x0000000084a00000|  0%| F|  |TAMS 0x0000000084900000, 0x0000000084900000| Untracked 
|  52|0x0000000084a00000, 0x0000000084a00000, 0x0000000084b00000|  0%| F|  |TAMS 0x0000000084a00000, 0x0000000084a00000| Untracked 
|  53|0x0000000084b00000, 0x0000000084b00000, 0x0000000084c00000|  0%| F|  |TAMS 0x0000000084b00000, 0x0000000084b00000| Untracked 
|  54|0x0000000084c00000, 0x0000000084c00000, 0x0000000084d00000|  0%| F|  |TAMS 0x0000000084c00000, 0x0000000084c00000| Untracked 
|  55|0x0000000084d00000, 0x0000000084d00000, 0x0000000084e00000|  0%| F|  |TAMS 0x0000000084d00000, 0x0000000084d00000| Untracked 
|  56|0x0000000084e00000, 0x0000000084e00000, 0x0000000084f00000|  0%| F|  |TAMS 0x0000000084e00000, 0x0000000084e00000| Untracked 
|  57|0x0000000084f00000, 0x0000000084f00000, 0x0000000085000000|  0%| F|  |TAMS 0x0000000084f00000, 0x0000000084f00000| Untracked 
|  58|0x0000000085000000, 0x0000000085000000, 0x0000000085100000|  0%| F|  |TAMS 0x0000000085000000, 0x0000000085000000| Untracked 
|  59|0x0000000085100000, 0x0000000085100000, 0x0000000085200000|  0%| F|  |TAMS 0x0000000085100000, 0x0000000085100000| Untracked 
|  60|0x0000000085200000, 0x0000000085200000, 0x0000000085300000|  0%| F|  |TAMS 0x0000000085200000, 0x0000000085200000| Untracked 
|  61|0x0000000085300000, 0x0000000085300000, 0x0000000085400000|  0%| F|  |TAMS 0x0000000085300000, 0x0000000085300000| Untracked 
|  62|0x0000000085400000, 0x0000000085400000, 0x0000000085500000|  0%| F|  |TAMS 0x0000000085400000, 0x0000000085400000| Untracked 
|  63|0x0000000085500000, 0x0000000085500000, 0x0000000085600000|  0%| F|  |TAMS 0x0000000085500000, 0x0000000085500000| Untracked 
|  64|0x0000000085600000, 0x0000000085600000, 0x0000000085700000|  0%| F|  |TAMS 0x0000000085600000, 0x0000000085600000| Untracked 
|  65|0x0000000085700000, 0x0000000085700000, 0x0000000085800000|  0%| F|  |TAMS 0x0000000085700000, 0x0000000085700000| Untracked 
|  66|0x0000000085800000, 0x0000000085800000, 0x0000000085900000|  0%| F|  |TAMS 0x0000000085800000, 0x0000000085800000| Untracked 
|  67|0x0000000085900000, 0x0000000085900000, 0x0000000085a00000|  0%| F|  |TAMS 0x0000000085900000, 0x0000000085900000| Untracked 
|  68|0x0000000085a00000, 0x0000000085a00000, 0x0000000085b00000|  0%| F|  |TAMS 0x0000000085a00000, 0x0000000085a00000| Untracked 
|  69|0x0000000085b00000, 0x0000000085b00000, 0x0000000085c00000|  0%| F|  |TAMS 0x0000000085b00000, 0x0000000085b00000| Untracked 
|  70|0x0000000085c00000, 0x0000000085c00000, 0x0000000085d00000|  0%| F|  |TAMS 0x0000000085c00000, 0x0000000085c00000| Untracked 
|  71|0x0000000085d00000, 0x0000000085d00000, 0x0000000085e00000|  0%| F|  |TAMS 0x0000000085d00000, 0x0000000085d00000| Untracked 
|  72|0x0000000085e00000, 0x0000000085e00000, 0x0000000085f00000|  0%| F|  |TAMS 0x0000000085e00000, 0x0000000085e00000| Untracked 
|  73|0x0000000085f00000, 0x0000000085f00000, 0x0000000086000000|  0%| F|  |TAMS 0x0000000085f00000, 0x0000000085f00000| Untracked 
|  74|0x0000000086000000, 0x0000000086000000, 0x0000000086100000|  0%| F|  |TAMS 0x0000000086000000, 0x0000000086000000| Untracked 
|  75|0x0000000086100000, 0x0000000086100000, 0x0000000086200000|  0%| F|  |TAMS 0x0000000086100000, 0x0000000086100000| Untracked 
|  76|0x0000000086200000, 0x0000000086200000, 0x0000000086300000|  0%| F|  |TAMS 0x0000000086200000, 0x0000000086200000| Untracked 
|  77|0x0000000086300000, 0x0000000086300000, 0x0000000086400000|  0%| F|  |TAMS 0x0000000086300000, 0x0000000086300000| Untracked 
|  78|0x0000000086400000, 0x0000000086400000, 0x0000000086500000|  0%| F|  |TAMS 0x0000000086400000, 0x0000000086400000| Untracked 
|  79|0x0000000086500000, 0x0000000086500000, 0x0000000086600000|  0%| F|  |TAMS 0x0000000086500000, 0x0000000086500000| Untracked 
|  80|0x0000000086600000, 0x0000000086600000, 0x0000000086700000|  0%| F|  |TAMS 0x0000000086600000, 0x0000000086600000| Untracked 
|  81|0x0000000086700000, 0x0000000086700000, 0x0000000086800000|  0%| F|  |TAMS 0x0000000086700000, 0x0000000086700000| Untracked 
|  82|0x0000000086800000, 0x0000000086800000, 0x0000000086900000|  0%| F|  |TAMS 0x0000000086800000, 0x0000000086800000| Untracked 
|  83|0x0000000086900000, 0x0000000086900000, 0x0000000086a00000|  0%| F|  |TAMS 0x0000000086900000, 0x0000000086900000| Untracked 
|  84|0x0000000086a00000, 0x0000000086a00000, 0x0000000086b00000|  0%| F|  |TAMS 0x0000000086a00000, 0x0000000086a00000| Untracked 
|  85|0x0000000086b00000, 0x0000000086b00000, 0x0000000086c00000|  0%| F|  |TAMS 0x0000000086b00000, 0x0000000086b00000| Untracked 
|  86|0x0000000086c00000, 0x0000000086c00000, 0x0000000086d00000|  0%| F|  |TAMS 0x0000000086c00000, 0x0000000086c00000| Untracked 
|  87|0x0000000086d00000, 0x0000000086d00000, 0x0000000086e00000|  0%| F|  |TAMS 0x0000000086d00000, 0x0000000086d00000| Untracked 
|  88|0x0000000086e00000, 0x0000000086e00000, 0x0000000086f00000|  0%| F|  |TAMS 0x0000000086e00000, 0x0000000086e00000| Untracked 
|  89|0x0000000086f00000, 0x0000000086f00000, 0x0000000087000000|  0%| F|  |TAMS 0x0000000086f00000, 0x0000000086f00000| Untracked 
|  90|0x0000000087000000, 0x0000000087000000, 0x0000000087100000|  0%| F|  |TAMS 0x0000000087000000, 0x0000000087000000| Untracked 
|  91|0x0000000087100000, 0x0000000087100000, 0x0000000087200000|  0%| F|  |TAMS 0x0000000087100000, 0x0000000087100000| Untracked 
|  92|0x0000000087200000, 0x0000000087200000, 0x0000000087300000|  0%| F|  |TAMS 0x0000000087200000, 0x0000000087200000| Untracked 
|  93|0x0000000087300000, 0x0000000087300000, 0x0000000087400000|  0%| F|  |TAMS 0x0000000087300000, 0x0000000087300000| Untracked 
|  94|0x0000000087400000, 0x0000000087400000, 0x0000000087500000|  0%| F|  |TAMS 0x0000000087400000, 0x0000000087400000| Untracked 
|  95|0x0000000087500000, 0x0000000087500000, 0x0000000087600000|  0%| F|  |TAMS 0x0000000087500000, 0x0000000087500000| Untracked 
|  96|0x0000000087600000, 0x0000000087600000, 0x0000000087700000|  0%| F|  |TAMS 0x0000000087600000, 0x0000000087600000| Untracked 
|  97|0x0000000087700000, 0x0000000087700000, 0x0000000087800000|  0%| F|  |TAMS 0x0000000087700000, 0x0000000087700000| Untracked 
|  98|0x0000000087800000, 0x0000000087800000, 0x0000000087900000|  0%| F|  |TAMS 0x0000000087800000, 0x0000000087800000| Untracked 
|  99|0x0000000087900000, 0x0000000087900000, 0x0000000087a00000|  0%| F|  |TAMS 0x0000000087900000, 0x0000000087900000| Untracked 
| 100|0x0000000087a00000, 0x0000000087a00000, 0x0000000087b00000|  0%| F|  |TAMS 0x0000000087a00000, 0x0000000087a00000| Untracked 
| 101|0x0000000087b00000, 0x0000000087b00000, 0x0000000087c00000|  0%| F|  |TAMS 0x0000000087b00000, 0x0000000087b00000| Untracked 
| 102|0x0000000087c00000, 0x0000000087c00000, 0x0000000087d00000|  0%| F|  |TAMS 0x0000000087c00000, 0x0000000087c00000| Untracked 
| 103|0x0000000087d00000, 0x0000000087d00000, 0x0000000087e00000|  0%| F|  |TAMS 0x0000000087d00000, 0x0000000087d00000| Untracked 
| 104|0x0000000087e00000, 0x0000000087e00000, 0x0000000087f00000|  0%| F|  |TAMS 0x0000000087e00000, 0x0000000087e00000| Untracked 
| 105|0x0000000087f00000, 0x0000000087f00000, 0x0000000088000000|  0%| F|  |TAMS 0x0000000087f00000, 0x0000000087f00000| Untracked 
| 106|0x0000000088000000, 0x0000000088000000, 0x0000000088100000|  0%| F|  |TAMS 0x0000000088000000, 0x0000000088000000| Untracked 
| 107|0x0000000088100000, 0x0000000088100000, 0x0000000088200000|  0%| F|  |TAMS 0x0000000088100000, 0x0000000088100000| Untracked 
| 108|0x0000000088200000, 0x0000000088200000, 0x0000000088300000|  0%| F|  |TAMS 0x0000000088200000, 0x0000000088200000| Untracked 
| 109|0x0000000088300000, 0x0000000088300000, 0x0000000088400000|  0%| F|  |TAMS 0x0000000088300000, 0x0000000088300000| Untracked 
| 110|0x0000000088400000, 0x0000000088400000, 0x0000000088500000|  0%| F|  |TAMS 0x0000000088400000, 0x0000000088400000| Untracked 
| 111|0x0000000088500000, 0x0000000088500000, 0x0000000088600000|  0%| F|  |TAMS 0x0000000088500000, 0x0000000088500000| Untracked 
| 112|0x0000000088600000, 0x0000000088600000, 0x0000000088700000|  0%| F|  |TAMS 0x0000000088600000, 0x0000000088600000| Untracked 
| 113|0x0000000088700000, 0x0000000088700000, 0x0000000088800000|  0%| F|  |TAMS 0x0000000088700000, 0x0000000088700000| Untracked 
| 114|0x0000000088800000, 0x0000000088800000, 0x0000000088900000|  0%| F|  |TAMS 0x0000000088800000, 0x0000000088800000| Untracked 
| 115|0x0000000088900000, 0x0000000088900000, 0x0000000088a00000|  0%| F|  |TAMS 0x0000000088900000, 0x0000000088900000| Untracked 
| 116|0x0000000088a00000, 0x0000000088a00000, 0x0000000088b00000|  0%| F|  |TAMS 0x0000000088a00000, 0x0000000088a00000| Untracked 
| 117|0x0000000088b00000, 0x0000000088b00000, 0x0000000088c00000|  0%| F|  |TAMS 0x0000000088b00000, 0x0000000088b00000| Untracked 
| 118|0x0000000088c00000, 0x0000000088c00000, 0x0000000088d00000|  0%| F|  |TAMS 0x0000000088c00000, 0x0000000088c00000| Untracked 
| 119|0x0000000088d00000, 0x0000000088d00000, 0x0000000088e00000|  0%| F|  |TAMS 0x0000000088d00000, 0x0000000088d00000| Untracked 
| 120|0x0000000088e00000, 0x0000000088e00000, 0x0000000088f00000|  0%| F|  |TAMS 0x0000000088e00000, 0x0000000088e00000| Untracked 
| 121|0x0000000088f00000, 0x0000000088f00000, 0x0000000089000000|  0%| F|  |TAMS 0x0000000088f00000, 0x0000000088f00000| Untracked 
| 122|0x0000000089000000, 0x0000000089000000, 0x0000000089100000|  0%| F|  |TAMS 0x0000000089000000, 0x0000000089000000| Untracked 
| 123|0x0000000089100000, 0x000000008917b660, 0x0000000089200000| 48%| E|  |TAMS 0x0000000089100000, 0x0000000089100000| Complete 
| 124|0x0000000089200000, 0x0000000089300000, 0x0000000089300000|100%| E|CS|TAMS 0x0000000089200000, 0x0000000089200000| Complete 
| 125|0x0000000089300000, 0x0000000089400000, 0x0000000089400000|100%| E|CS|TAMS 0x0000000089300000, 0x0000000089300000| Complete 
| 126|0x0000000089400000, 0x0000000089500000, 0x0000000089500000|100%| E|  |TAMS 0x0000000089400000, 0x0000000089400000| Complete 
| 127|0x0000000089500000, 0x0000000089600000, 0x0000000089600000|100%| E|CS|TAMS 0x0000000089500000, 0x0000000089500000| Complete 

Card table byte_map: [0x00000289598d0000,0x0000028959cd0000] _byte_map_base: 0x00000289594c5000

Marking Bits (Prev, Next): (CMBitMap*) 0x000002894131c328, (CMBitMap*) 0x000002894131c360
 Prev Bits: [0x000002895a0d0000, 0x000002895c078000)
 Next Bits: [0x000002895c080000, 0x000002895e028000)

Polling page: 0x0000028949a40000

Metaspace:

Usage:
  Non-class:      6.82 MB capacity,     6.74 MB ( 99%) used,    77.06 KB (  1%) free+waste,     6.19 KB ( <1%) overhead. 
      Class:    718.00 KB capacity,   675.63 KB ( 94%) used,    39.38 KB (  5%) free+waste,     3.00 KB ( <1%) overhead. 
       Both:      7.52 MB capacity,     7.40 MB ( 98%) used,   116.44 KB (  2%) free+waste,     9.19 KB ( <1%) overhead. 

Virtual space:
  Non-class space:        8.00 MB reserved,       7.00 MB ( 88%) committed 
      Class space:        1.00 GB reserved,     768.00 KB ( <1%) committed 
             Both:        1.01 GB reserved,       7.75 MB ( <1%) committed 

Chunk freelists:
   Non-Class:  56.00 KB
       Class:  18.00 KB
        Both:  74.00 KB

MaxMetaspaceSize: 17179869184.00 GB
CompressedClassSpaceSize: 1.00 GB
Initial GC threshold: 20.80 MB
Current GC threshold: 20.80 MB
CDS: off

CodeHeap 'non-profiled nmethods': size=120000Kb used=130Kb max_used=130Kb free=119869Kb
 bounds [0x0000028951530000, 0x00000289517a0000, 0x0000028958a60000]
CodeHeap 'profiled nmethods': size=120000Kb used=551Kb max_used=551Kb free=119448Kb
 bounds [0x000002894a000000, 0x000002894a270000, 0x0000028951530000]
CodeHeap 'non-nmethods': size=5760Kb used=1106Kb max_used=1118Kb free=4653Kb
 bounds [0x0000028949a60000, 0x0000028949cd0000, 0x000002894a000000]
 total_blobs=756 nmethods=403 adapters=266
 compilation: enabled
              stopped_count=0, restarted_count=0
 full_count=0

Compilation events (20 events):
Event: 0.685 Thread 0x0000028960b32800 nmethod 397 0x000002895154fe10 code [0x000002895154ffa0, 0x0000028951550018]
Event: 0.685 Thread 0x0000028960b37800 nmethod 393 0x000002894a086310 code [0x000002894a086520, 0x000002894a086b68]
Event: 0.685 Thread 0x0000028960b37800  394       3       java.lang.String::lastIndexOf (12 bytes)
Event: 0.685 Thread 0x0000028960b37800 nmethod 394 0x000002894a086e90 code [0x000002894a087080, 0x000002894a087458]
Event: 0.685 Thread 0x0000028960b37800  395       3       java.lang.CharacterDataLatin1::toUpperCase (53 bytes)
Event: 0.686 Thread 0x0000028960b37800 nmethod 395 0x000002894a087610 code [0x000002894a0877e0, 0x000002894a087a78]
Event: 0.686 Thread 0x0000028960b37800  396       1       java.net.URL::getRef (5 bytes)
Event: 0.686 Thread 0x0000028960b37800 nmethod 396 0x0000028951550110 code [0x00000289515502c0, 0x0000028951550378]
Event: 0.686 Thread 0x0000028960b37800  398       3       java.util.jar.JarFile::getEntry0 (24 bytes)
Event: 0.686 Thread 0x0000028960b37800 nmethod 398 0x000002894a087b90 code [0x000002894a087d80, 0x000002894a088268]
Event: 0.686 Thread 0x0000028960b37800  399       3       java.util.jar.JarFile$1::<init> (10 bytes)
Event: 0.687 Thread 0x0000028960b37800 nmethod 399 0x000002894a088410 code [0x000002894a0885c0, 0x000002894a088778]
Event: 0.687 Thread 0x0000028960b37800  400       3       java.util.zip.ZipFile$1::getEntry (10 bytes)
Event: 0.687 Thread 0x0000028960b37800 nmethod 400 0x000002894a088810 code [0x000002894a0889e0, 0x000002894a088c08]
Event: 0.687 Thread 0x0000028960b32800  401       4       java.lang.CharacterDataLatin1::toLowerCase (39 bytes)
Event: 0.688 Thread 0x0000028960b32800 nmethod 401 0x0000028951550410 code [0x00000289515505a0, 0x0000028951550678]
Event: 0.689 Thread 0x0000028960b37800  402       1       java.security.ProtectionDomain::getCodeSource (5 bytes)
Event: 0.689 Thread 0x0000028960b37800 nmethod 402 0x0000028951550790 code [0x0000028951550940, 0x00000289515509f8]
Event: 0.689 Thread 0x0000028960b37800  403       3       java.lang.String::regionMatches (150 bytes)
Event: 0.690 Thread 0x0000028960b37800 nmethod 403 0x000002894a088d10 code [0x000002894a088f80, 0x000002894a089948]

GC Heap History (0 events):
No events

Deoptimization events (20 events):
Event: 0.294 Thread 0x00000289412db000 DEOPT PACKING pc=0x000002894a035cbb sp=0x000000d3a0efa9b0
Event: 0.294 Thread 0x00000289412db000 DEOPT UNPACKING pc=0x0000028949aaa95e sp=0x000000d3a0ef9e80 mode 0
Event: 0.295 Thread 0x00000289412db000 DEOPT PACKING pc=0x000002894a03560e sp=0x000000d3a0efa9e0
Event: 0.295 Thread 0x00000289412db000 DEOPT UNPACKING pc=0x0000028949aaa95e sp=0x000000d3a0ef9e80 mode 0
Event: 0.296 Thread 0x00000289412db000 DEOPT PACKING pc=0x000002894a035cbb sp=0x000000d3a0efa9b0
Event: 0.296 Thread 0x00000289412db000 DEOPT UNPACKING pc=0x0000028949aaa95e sp=0x000000d3a0ef9e80 mode 0
Event: 0.296 Thread 0x00000289412db000 DEOPT PACKING pc=0x000002894a03560e sp=0x000000d3a0efa9e0
Event: 0.296 Thread 0x00000289412db000 DEOPT UNPACKING pc=0x0000028949aaa95e sp=0x000000d3a0ef9e80 mode 0
Event: 0.296 Thread 0x00000289412db000 DEOPT PACKING pc=0x000002894a035cbb sp=0x000000d3a0efa9b0
Event: 0.296 Thread 0x00000289412db000 DEOPT UNPACKING pc=0x0000028949aaa95e sp=0x000000d3a0ef9e80 mode 0
Event: 0.296 Thread 0x00000289412db000 DEOPT PACKING pc=0x000002894a03560e sp=0x000000d3a0efa9e0
Event: 0.296 Thread 0x00000289412db000 DEOPT UNPACKING pc=0x0000028949aaa95e sp=0x000000d3a0ef9e80 mode 0
Event: 0.296 Thread 0x00000289412db000 DEOPT PACKING pc=0x000002894a035cbb sp=0x000000d3a0efa9b0
Event: 0.296 Thread 0x00000289412db000 DEOPT UNPACKING pc=0x0000028949aaa95e sp=0x000000d3a0ef9e80 mode 0
Event: 0.297 Thread 0x00000289412db000 DEOPT PACKING pc=0x000002894a03560e sp=0x000000d3a0efa9e0
Event: 0.297 Thread 0x00000289412db000 DEOPT UNPACKING pc=0x0000028949aaa95e sp=0x000000d3a0ef9e80 mode 0
Event: 0.384 Thread 0x00000289412db000 Uncommon trap: trap_request=0xffffff4d fr.pc=0x0000028951531690 relative=0x0000000000000070
Event: 0.384 Thread 0x00000289412db000 Uncommon trap: reason=unstable_if action=reinterpret pc=0x0000028951531690 method=java.lang.String.isLatin1()Z @ 10 c2
Event: 0.384 Thread 0x00000289412db000 DEOPT PACKING pc=0x0000028951531690 sp=0x000000d3a0efea70
Event: 0.384 Thread 0x00000289412db000 DEOPT UNPACKING pc=0x0000028949aaa1af sp=0x000000d3a0efe9b0 mode 2

Classes redefined (0 events):
No events

Internal exceptions (0 events):
No events

Events (20 events):
Event: 0.685 loading class org/jpl7/fli/PointerHolder
Event: 0.685 loading class org/jpl7/fli/PointerHolder done
Event: 0.685 loading class org/jpl7/fli/qid_t
Event: 0.685 loading class org/jpl7/fli/qid_t done
Event: 0.686 loading class org/jpl7/fli/module_t
Event: 0.686 loading class org/jpl7/fli/module_t done
Event: 0.686 loading class org/jpl7/fli/engine_t
Event: 0.686 loading class org/jpl7/fli/engine_t done
Event: 0.687 loading class org/jpl7/fli/IntHolder
Event: 0.687 loading class org/jpl7/fli/IntHolder done
Event: 0.687 loading class org/jpl7/fli/Int64Holder
Event: 0.687 loading class org/jpl7/fli/Int64Holder done
Event: 0.688 loading class org/jpl7/fli/DoubleHolder
Event: 0.688 loading class org/jpl7/fli/DoubleHolder done
Event: 0.688 loading class org/jpl7/fli/StringHolder
Event: 0.688 loading class org/jpl7/fli/StringHolder done
Event: 0.689 loading class org/jpl7/fli/ObjectHolder
Event: 0.689 loading class org/jpl7/fli/ObjectHolder done
Event: 0.689 loading class org/jpl7/fli/BooleanHolder
Event: 0.689 loading class org/jpl7/fli/BooleanHolder done


Dynamic libraries:
0x00007ff6af870000 - 0x00007ff6af87d000 	C:\Users\Family PC\.jdks\corretto-11.0.15\bin\java.exe
0x00007ff979750000 - 0x00007ff979945000 	C:\Windows\SYSTEM32\ntdll.dll
0x00007ff978890000 - 0x00007ff97894d000 	C:\Windows\System32\KERNEL32.DLL
0x00007ff977410000 - 0x00007ff9776dd000 	C:\Windows\System32\KERNELBASE.dll
0x00007ff976f00000 - 0x00007ff977000000 	C:\Windows\System32\ucrtbase.dll
0x00007ff9612e0000 - 0x00007ff9612f7000 	C:\Users\Family PC\.jdks\corretto-11.0.15\bin\jli.dll
0x00007ff9702e0000 - 0x00007ff9702f9000 	C:\Users\Family PC\.jdks\corretto-11.0.15\bin\VCRUNTIME140.dll
0x00007ff978950000 - 0x00007ff978af0000 	C:\Windows\System32\USER32.dll
0x00007ff977770000 - 0x00007ff977792000 	C:\Windows\System32\win32u.dll
0x00007ff977920000 - 0x00007ff97794a000 	C:\Windows\System32\GDI32.dll
0x00007ff977300000 - 0x00007ff97740b000 	C:\Windows\System32\gdi32full.dll
0x00007ff977260000 - 0x00007ff9772fd000 	C:\Windows\System32\msvcp_win.dll
0x00007ff965c90000 - 0x00007ff965f2a000 	C:\Windows\WinSxS\amd64_microsoft.windows.common-controls_6595b64144ccf1df_6.0.19041.1110_none_60b5254171f9507e\COMCTL32.dll
0x00007ff9779f0000 - 0x00007ff977a8e000 	C:\Windows\System32\msvcrt.dll
0x00007ff978860000 - 0x00007ff978890000 	C:\Windows\System32\IMM32.DLL
0x00007ff949370000 - 0x00007ff94940b000 	C:\Users\Family PC\.jdks\corretto-11.0.15\bin\msvcp140.dll
0x00007ff935360000 - 0x00007ff935ee3000 	C:\Users\Family PC\.jdks\corretto-11.0.15\bin\server\jvm.dll
0x00007ff977a90000 - 0x00007ff977b3e000 	C:\Windows\System32\ADVAPI32.dll
0x00007ff977950000 - 0x00007ff9779ec000 	C:\Windows\System32\sechost.dll
0x00007ff978640000 - 0x00007ff978765000 	C:\Windows\System32\RPCRT4.dll
0x00007ff978500000 - 0x00007ff978508000 	C:\Windows\System32\PSAPI.DLL
0x00007ff964b40000 - 0x00007ff964b67000 	C:\Windows\SYSTEM32\WINMM.dll
0x00007ff972b40000 - 0x00007ff972b49000 	C:\Windows\SYSTEM32\WSOCK32.dll
0x00007ff978360000 - 0x00007ff9783cb000 	C:\Windows\System32\WS2_32.dll
0x00007ff971620000 - 0x00007ff97162a000 	C:\Windows\SYSTEM32\VERSION.dll
0x00007ff974c80000 - 0x00007ff974c92000 	C:\Windows\SYSTEM32\kernel.appcore.dll
0x00007ff960430000 - 0x00007ff960440000 	C:\Users\Family PC\.jdks\corretto-11.0.15\bin\verify.dll
0x00007ff966d40000 - 0x00007ff966f24000 	C:\Windows\SYSTEM32\DBGHELP.DLL
0x00007ff967a00000 - 0x00007ff967a2c000 	C:\Windows\SYSTEM32\dbgcore.DLL
0x00007ff9776e0000 - 0x00007ff977762000 	C:\Windows\System32\bcryptPrimitives.dll
0x00007ff955de0000 - 0x00007ff955e08000 	C:\Users\Family PC\.jdks\corretto-11.0.15\bin\java.dll
0x00007ff95b4b0000 - 0x00007ff95b4ba000 	C:\Users\Family PC\.jdks\corretto-11.0.15\bin\jimage.dll
0x00007ff95b510000 - 0x00007ff95b51e000 	C:\Users\Family PC\.jdks\corretto-11.0.15\bin\instrument.dll
0x00007ff957a10000 - 0x00007ff957a28000 	C:\Users\Family PC\.jdks\corretto-11.0.15\bin\zip.dll
0x00007ff977c10000 - 0x00007ff978354000 	C:\Windows\System32\SHELL32.dll
0x00007ff974f60000 - 0x00007ff9756f4000 	C:\Windows\SYSTEM32\windows.storage.dll
0x00007ff978d00000 - 0x00007ff979054000 	C:\Windows\System32\combase.dll
0x00007ff9768c0000 - 0x00007ff9768ec000 	C:\Windows\SYSTEM32\Wldp.dll
0x00007ff977b40000 - 0x00007ff977bed000 	C:\Windows\System32\SHCORE.dll
0x00007ff978770000 - 0x00007ff9787c5000 	C:\Windows\System32\shlwapi.dll
0x00007ff976da0000 - 0x00007ff976dbf000 	C:\Windows\SYSTEM32\profapi.dll
0x00007ff955660000 - 0x00007ff955679000 	C:\Users\Family PC\.jdks\corretto-11.0.15\bin\net.dll
0x00007ff966ab0000 - 0x00007ff966bba000 	C:\Windows\SYSTEM32\WINHTTP.dll
0x00007ff976550000 - 0x00007ff9765ba000 	C:\Windows\system32\mswsock.dll
0x00007ff9553b0000 - 0x00007ff9553c3000 	C:\Users\Family PC\.jdks\corretto-11.0.15\bin\nio.dll
0x00007ff95b4f0000 - 0x00007ff95b50a000 	C:\Program Files\JetBrains\IntelliJ IDEA Community Edition 2022.1\bin\breakgen64.dll
0x0000000073a40000 - 0x0000000073a57000 	C:\Program Files\swipl\bin\jpl.dll
0x0000000073850000 - 0x0000000073984000 	C:\Program Files\swipl\bin\libswipl.dll
0x00000000737b0000 - 0x0000000073844000 	C:\Program Files\swipl\bin\libwinpthread-1.dll
0x00000000736f0000 - 0x00000000737ac000 	C:\Program Files\swipl\bin\libgmp-10.dll
0x00000000739c0000 - 0x00000000739e7000 	C:\Program Files\swipl\bin\zlib1.dll
0x0000000061440000 - 0x00000000614be000 	C:\Program Files\swipl\bin\libgcc_s_seh-1.dll

dbghelp: loaded successfully - version: 4.0.5 - missing functions: none
symbol engine: initialized successfully - sym options: 0x614 - pdb path: .;C:\Users\Family PC\.jdks\corretto-11.0.15\bin;C:\Windows\SYSTEM32;C:\Windows\WinSxS\amd64_microsoft.windows.common-controls_6595b64144ccf1df_6.0.19041.1110_none_60b5254171f9507e;C:\Users\Family PC\.jdks\corretto-11.0.15\bin\server;C:\Program Files\JetBrains\IntelliJ IDEA Community Edition 2022.1\bin;C:\Program Files\swipl\bin

VM Arguments:
jvm_args: -javaagent:C:\Program Files\JetBrains\IntelliJ IDEA Community Edition 2022.1\lib\idea_rt.jar=50111:C:\Program Files\JetBrains\IntelliJ IDEA Community Edition 2022.1\bin -Dfile.encoding=UTF-8 
java_command: com.Trabalho_Paradigmas.TrabalhoParadigmasApplication
java_class_path (initial): C:\Users\Family PC\Documents\Trabalho_Paradigmas\target\classes;C:\Users\Family PC\.m2\repository\org\springframework\boot\spring-boot-starter\2.6.7\spring-boot-starter-2.6.7.jar;C:\Users\Family PC\.m2\repository\org\springframework\boot\spring-boot\2.6.7\spring-boot-2.6.7.jar;C:\Users\Family PC\.m2\repository\org\springframework\spring-context\5.3.19\spring-context-5.3.19.jar;C:\Users\Family PC\.m2\repository\org\springframework\spring-aop\5.3.19\spring-aop-5.3.19.jar;C:\Users\Family PC\.m2\repository\org\springframework\spring-beans\5.3.19\spring-beans-5.3.19.jar;C:\Users\Family PC\.m2\repository\org\springframework\spring-expression\5.3.19\spring-expression-5.3.19.jar;C:\Users\Family PC\.m2\repository\org\springframework\boot\spring-boot-autoconfigure\2.6.7\spring-boot-autoconfigure-2.6.7.jar;C:\Users\Family PC\.m2\repository\org\springframework\boot\spring-boot-starter-logging\2.6.7\spring-boot-starter-logging-2.6.7.jar;C:\Users\Family PC\.m2\repository\ch\qos\logback\logback-classic\1.2.11\logback-classic-1.2.11.jar;C:\Users\Family PC\.m2\repository\ch\qos\logback\logback-core\1.2.11\logback-core-1.2.11.jar;C:\Users\Family PC\.m2\repository\org\apache\logging\log4j\log4j-to-slf4j\2.17.2\log4j-to-slf4j-2.17.2.jar;C:\Users\Family PC\.m2\repository\org\apache\logging\log4j\log4j-api\2.17.2\log4j-api-2.17.2.jar;C:\Users\Family PC\.m2\repository\org\slf4j\jul-to-slf4j\1.7.36\jul-to-slf4j-1.7.36.jar;C:\Users\Family PC\.m2\repository\jakarta\annotation\jakarta.annotation-api\1.3.5\jakarta.annotation-api-1.3.5.jar;C:\Users\Family PC\.m2\repository\org\springframework\spring-core\5.3.19\spring-core-5.3.19.jar;C:\Users\Family PC\.m2\repository\org\springframework\spring-jcl\5.3.19\spring-jcl-5.3.19.jar;C:\Users\Family PC\.m2\repository\org\yaml\snakeyaml\1.29\snakeyaml-1.29.jar;C:\Users\Family PC\.m2\repository\org\slf4j\slf4j-api\1.7.36\slf4j-api-1.7.36.jar;C:\Users\Family PC\Documents\jpl.jar
Launcher Type: SUN_STANDARD

[Global flags]
     intx CICompilerCount                          = 4                                         {product} {ergonomic}
     uint ConcGCThreads                            = 2                                         {product} {ergonomic}
     uint G1ConcRefinementThreads                  = 8                                         {product} {ergonomic}
   size_t G1HeapRegionSize                         = 1048576                                   {product} {ergonomic}
    uintx GCDrainStackTargetSize                   = 64                                        {product} {ergonomic}
   size_t InitialHeapSize                          = 134217728                                 {product} {ergonomic}
   size_t MarkStackSize                            = 4194304                                   {product} {ergonomic}
   size_t MaxHeapSize                              = 2124414976                                {product} {ergonomic}
   size_t MaxNewSize                               = 1274019840                                {product} {ergonomic}
   size_t MinHeapDeltaBytes                        = 1048576                                   {product} {ergonomic}
    uintx NonNMethodCodeHeapSize                   = 5836300                                {pd product} {ergonomic}
    uintx NonProfiledCodeHeapSize                  = 122910970                              {pd product} {ergonomic}
    uintx ProfiledCodeHeapSize                     = 122910970                              {pd product} {ergonomic}
    uintx ReservedCodeCacheSize                    = 251658240                              {pd product} {ergonomic}
     bool SegmentedCodeCache                       = true                                      {product} {ergonomic}
     bool UseCompressedClassPointers               = true                                 {lp64_product} {ergonomic}
     bool UseCompressedOops                        = true                                 {lp64_product} {ergonomic}
     bool UseG1GC                                  = true                                      {product} {ergonomic}
     bool UseLargePagesIndividualAllocation        = false                                  {pd product} {ergonomic}

Logging:
Log output configuration:
 #0: stdout all=warning uptime,level,tags
 #1: stderr all=off uptime,level,tags

Environment Variables:
PATH=C:\Program Files\Common Files\Oracle\Java\javapath;C:\Program Files (x86)\Common Files\Oracle\Java\javapath;C:\Windows\system32;C:\Windows;C:\Windows\System32\Wbem;C:\Windows\System32\WindowsPowerShell\v1.0\;C:\Windows\System32\OpenSSH\;C:\Program Files\Git\cmd;C:\Program Files\swipl\lib\jpl.jar;C:\Program Files\swipl\bin;C:\Users\Family PC\AppData\Local\Microsoft\WindowsApps;C:\Program Files\swipl\bin;C:\Program Files\swipl\lib\jpl.jar;
USERNAME=Family PC
OS=Windows_NT
PROCESSOR_IDENTIFIER=Intel64 Family 6 Model 142 Stepping 10, GenuineIntel



---------------  S Y S T E M  ---------------

OS: Windows 10 , 64 bit Build 19041 (10.0.19041.1706)
OS uptime: 0 days 1:12 hours

CPU:total 8 (initial active 8) (4 cores per cpu, 2 threads per core) family 6 model 142 stepping 10 microcode 0xb4, cmov, cx8, fxsr, mmx, sse, sse2, sse3, ssse3, sse4.1, sse4.2, popcnt, avx, avx2, aes, clmul, erms, 3dnowpref, lzcnt, ht, tsc, tscinvbit, bmi1, bmi2, adx, fma

Memory: 4k page, system-wide physical 8101M (2343M free)
TotalPageFile size 9381M (AvailPageFile size 3031M)
current process WorkingSet (physical memory assigned to process): 46M, peak: 46M
current process commit charge ("private bytes"): 212M, peak: 212M

vm_info: OpenJDK 64-Bit Server VM (11.0.15+9-LTS) for windows-amd64 JRE (11.0.15+9-LTS), built on Apr 15 2022 22:20:31 by "Administrator" with unknown MS VC++:1916

END.
